{"/Users/akiokio/Projects/ReactSignupLoginComponent/src/components/Login.js": {"path":"/Users/akiokio/Projects/ReactSignupLoginComponent/src/components/Login.js","statementMap":{"0":{"start":{"line":3,"column":20},"end":{"line":47,"column":1}},"1":{"start":{"line":49,"column":14},"end":{"line":107,"column":1}},"2":{"start":{"line":58,"column":4},"end":{"line":106,"column":14}},"3":{"start":{"line":66,"column":25},"end":{"line":66,"column":68}},"4":{"start":{"line":75,"column":25},"end":{"line":75,"column":68}},"5":{"start":{"line":89,"column":29},"end":{"line":89,"column":77}},"6":{"start":{"line":95,"column":27},"end":{"line":95,"column":62}},"7":{"start":{"line":109,"column":0},"end":{"line":125,"column":2}},"8":{"start":{"line":127,"column":0},"end":{"line":129,"column":2}}},"fnMap":{"0":{"name":"(anonymous_0)","decl":{"start":{"line":49,"column":14},"end":{"line":49,"column":15}},"loc":{"start":{"line":58,"column":4},"end":{"line":106,"column":14}}},"1":{"name":"(anonymous_1)","decl":{"start":{"line":66,"column":20},"end":{"line":66,"column":21}},"loc":{"start":{"line":66,"column":25},"end":{"line":66,"column":68}}},"2":{"name":"(anonymous_2)","decl":{"start":{"line":75,"column":20},"end":{"line":75,"column":21}},"loc":{"start":{"line":75,"column":25},"end":{"line":75,"column":68}}},"3":{"name":"(anonymous_3)","decl":{"start":{"line":89,"column":21},"end":{"line":89,"column":22}},"loc":{"start":{"line":89,"column":27},"end":{"line":89,"column":79}}},"4":{"name":"(anonymous_4)","decl":{"start":{"line":95,"column":19},"end":{"line":95,"column":20}},"loc":{"start":{"line":95,"column":25},"end":{"line":95,"column":64}}}},"branchMap":{},"s":{"0":3,"1":3,"2":14,"3":1,"4":1,"5":1,"6":1,"7":3,"8":3},"f":{"0":14,"1":1,"2":1,"3":1,"4":1},"b":{},"_coverageSchema":"332fd63041d2c1bcb487cc26dd0d5f7d97098a6c","hash":"d3bfd1a487e89f4737decdc306892e0117641ca1"}
,"/Users/akiokio/Projects/ReactSignupLoginComponent/src/components/ReactSignupLoginComponent.js": {"path":"/Users/akiokio/Projects/ReactSignupLoginComponent/src/components/ReactSignupLoginComponent.js","statementMap":{"0":{"start":{"line":12,"column":4},"end":{"line":12,"column":17}},"1":{"start":{"line":13,"column":4},"end":{"line":13,"column":51}},"2":{"start":{"line":14,"column":4},"end":{"line":14,"column":55}},"3":{"start":{"line":15,"column":4},"end":{"line":15,"column":53}},"4":{"start":{"line":16,"column":4},"end":{"line":16,"column":73}},"5":{"start":{"line":18,"column":4},"end":{"line":24,"column":6}},"6":{"start":{"line":28,"column":4},"end":{"line":28,"column":36}},"7":{"start":{"line":32,"column":4},"end":{"line":36,"column":7}},"8":{"start":{"line":40,"column":4},"end":{"line":43,"column":7}},"9":{"start":{"line":47,"column":4},"end":{"line":49,"column":7}},"10":{"start":{"line":53,"column":19},"end":{"line":77,"column":5}},"11":{"start":{"line":78,"column":21},"end":{"line":109,"column":5}},"12":{"start":{"line":79,"column":6},"end":{"line":101,"column":7}},"13":{"start":{"line":80,"column":8},"end":{"line":89,"column":12}},"14":{"start":{"line":90,"column":13},"end":{"line":101,"column":7}},"15":{"start":{"line":91,"column":8},"end":{"line":100,"column":12}},"16":{"start":{"line":102,"column":6},"end":{"line":108,"column":10}},"17":{"start":{"line":110,"column":4},"end":{"line":117,"column":6}},"18":{"start":{"line":121,"column":0},"end":{"line":157,"column":2}},"19":{"start":{"line":159,"column":0},"end":{"line":164,"column":2}}},"fnMap":{"0":{"name":"(anonymous_0)","decl":{"start":{"line":11,"column":2},"end":{"line":11,"column":3}},"loc":{"start":{"line":11,"column":21},"end":{"line":25,"column":3}}},"1":{"name":"(anonymous_1)","decl":{"start":{"line":27,"column":2},"end":{"line":27,"column":3}},"loc":{"start":{"line":27,"column":26},"end":{"line":29,"column":3}}},"2":{"name":"(anonymous_2)","decl":{"start":{"line":31,"column":2},"end":{"line":31,"column":3}},"loc":{"start":{"line":31,"column":18},"end":{"line":37,"column":3}}},"3":{"name":"(anonymous_3)","decl":{"start":{"line":39,"column":2},"end":{"line":39,"column":3}},"loc":{"start":{"line":39,"column":17},"end":{"line":44,"column":3}}},"4":{"name":"(anonymous_4)","decl":{"start":{"line":46,"column":2},"end":{"line":46,"column":3}},"loc":{"start":{"line":46,"column":27},"end":{"line":50,"column":3}}},"5":{"name":"(anonymous_5)","decl":{"start":{"line":52,"column":2},"end":{"line":52,"column":3}},"loc":{"start":{"line":52,"column":11},"end":{"line":118,"column":3}}},"6":{"name":"(anonymous_6)","decl":{"start":{"line":78,"column":21},"end":{"line":78,"column":22}},"loc":{"start":{"line":78,"column":27},"end":{"line":109,"column":5}}}},"branchMap":{"0":{"loc":{"start":{"line":75,"column":30},"end":{"line":75,"column":98}},"type":"cond-expr","locations":[{"start":{"line":75,"column":87},"end":{"line":75,"column":92}},{"start":{"line":75,"column":95},"end":{"line":75,"column":98}}]},"1":{"loc":{"start":{"line":75,"column":30},"end":{"line":75,"column":84}},"type":"binary-expr","locations":[{"start":{"line":75,"column":30},"end":{"line":75,"column":49}},{"start":{"line":75,"column":53},"end":{"line":75,"column":84}}]},"2":{"loc":{"start":{"line":79,"column":6},"end":{"line":101,"column":7}},"type":"if","locations":[{"start":{"line":79,"column":6},"end":{"line":101,"column":7}},{"start":{"line":79,"column":6},"end":{"line":101,"column":7}}]},"3":{"loc":{"start":{"line":79,"column":10},"end":{"line":79,"column":64}},"type":"binary-expr","locations":[{"start":{"line":79,"column":10},"end":{"line":79,"column":28}},{"start":{"line":79,"column":32},"end":{"line":79,"column":64}}]},"4":{"loc":{"start":{"line":90,"column":13},"end":{"line":101,"column":7}},"type":"if","locations":[{"start":{"line":90,"column":13},"end":{"line":101,"column":7}},{"start":{"line":90,"column":13},"end":{"line":101,"column":7}}]},"5":{"loc":{"start":{"line":90,"column":17},"end":{"line":90,"column":72}},"type":"binary-expr","locations":[{"start":{"line":90,"column":17},"end":{"line":90,"column":36}},{"start":{"line":90,"column":40},"end":{"line":90,"column":72}}]}},"s":{"0":19,"1":19,"2":19,"3":19,"4":19,"5":19,"6":10,"7":2,"8":2,"9":2,"10":32,"11":32,"12":32,"13":15,"14":17,"15":10,"16":7,"17":32,"18":1,"19":1},"f":{"0":19,"1":10,"2":2,"3":2,"4":2,"5":32,"6":32},"b":{"0":[17,15],"1":[32,22],"2":[15,17],"3":[32,22],"4":[10,7],"5":[17,10]},"_coverageSchema":"332fd63041d2c1bcb487cc26dd0d5f7d97098a6c","hash":"71446fac9d1cac909aac3b735b6f39e058517127"}
,"/Users/akiokio/Projects/ReactSignupLoginComponent/src/components/RecoverPassword.js": {"path":"/Users/akiokio/Projects/ReactSignupLoginComponent/src/components/RecoverPassword.js","statementMap":{"0":{"start":{"line":3,"column":20},"end":{"line":33,"column":1}},"1":{"start":{"line":35,"column":24},"end":{"line":64,"column":1}},"2":{"start":{"line":36,"column":2},"end":{"line":63,"column":12}},"3":{"start":{"line":44,"column":23},"end":{"line":44,"column":66}},"4":{"start":{"line":52,"column":25},"end":{"line":52,"column":72}},"5":{"start":{"line":66,"column":0},"end":{"line":78,"column":2}},"6":{"start":{"line":80,"column":0},"end":{"line":82,"column":2}}},"fnMap":{"0":{"name":"(anonymous_0)","decl":{"start":{"line":35,"column":24},"end":{"line":35,"column":25}},"loc":{"start":{"line":36,"column":2},"end":{"line":63,"column":12}}},"1":{"name":"(anonymous_1)","decl":{"start":{"line":44,"column":18},"end":{"line":44,"column":19}},"loc":{"start":{"line":44,"column":23},"end":{"line":44,"column":66}}},"2":{"name":"(anonymous_2)","decl":{"start":{"line":52,"column":17},"end":{"line":52,"column":18}},"loc":{"start":{"line":52,"column":23},"end":{"line":52,"column":74}}}},"branchMap":{},"s":{"0":2,"1":2,"2":9,"3":1,"4":1,"5":2,"6":2},"f":{"0":9,"1":1,"2":1},"b":{},"_coverageSchema":"332fd63041d2c1bcb487cc26dd0d5f7d97098a6c","hash":"c0a3b54775f14eed3da862d443a671fadfc66f6a"}
,"/Users/akiokio/Projects/ReactSignupLoginComponent/src/components/Signup.js": {"path":"/Users/akiokio/Projects/ReactSignupLoginComponent/src/components/Signup.js","statementMap":{"0":{"start":{"line":3,"column":20},"end":{"line":37,"column":1}},"1":{"start":{"line":39,"column":15},"end":{"line":93,"column":1}},"2":{"start":{"line":48,"column":4},"end":{"line":92,"column":14}},"3":{"start":{"line":56,"column":25},"end":{"line":56,"column":68}},"4":{"start":{"line":65,"column":25},"end":{"line":65,"column":68}},"5":{"start":{"line":74,"column":25},"end":{"line":74,"column":68}},"6":{"start":{"line":82,"column":27},"end":{"line":82,"column":60}},"7":{"start":{"line":95,"column":0},"end":{"line":110,"column":2}},"8":{"start":{"line":112,"column":0},"end":{"line":114,"column":2}}},"fnMap":{"0":{"name":"(anonymous_0)","decl":{"start":{"line":39,"column":15},"end":{"line":39,"column":16}},"loc":{"start":{"line":48,"column":4},"end":{"line":92,"column":14}}},"1":{"name":"(anonymous_1)","decl":{"start":{"line":56,"column":20},"end":{"line":56,"column":21}},"loc":{"start":{"line":56,"column":25},"end":{"line":56,"column":68}}},"2":{"name":"(anonymous_2)","decl":{"start":{"line":65,"column":20},"end":{"line":65,"column":21}},"loc":{"start":{"line":65,"column":25},"end":{"line":65,"column":68}}},"3":{"name":"(anonymous_3)","decl":{"start":{"line":74,"column":20},"end":{"line":74,"column":21}},"loc":{"start":{"line":74,"column":25},"end":{"line":74,"column":68}}},"4":{"name":"(anonymous_4)","decl":{"start":{"line":82,"column":19},"end":{"line":82,"column":20}},"loc":{"start":{"line":82,"column":25},"end":{"line":82,"column":62}}}},"branchMap":{},"s":{"0":2,"1":2,"2":12,"3":1,"4":1,"5":1,"6":1,"7":2,"8":2},"f":{"0":12,"1":1,"2":1,"3":1,"4":1},"b":{},"_coverageSchema":"332fd63041d2c1bcb487cc26dd0d5f7d97098a6c","hash":"4be5d52ea23fe79fe3a899295b2d4e4cb0aae9e0"}
}
