TN:
SF:/Users/akiokio/Projects/ReactSignupLoginComponent/src/components/Login.js
FN:49,(anonymous_0)
FN:66,(anonymous_1)
FN:75,(anonymous_2)
FN:89,(anonymous_3)
FN:95,(anonymous_4)
FNF:5
FNH:5
FNDA:14,(anonymous_0)
FNDA:1,(anonymous_1)
FNDA:1,(anonymous_2)
FNDA:1,(anonymous_3)
FNDA:1,(anonymous_4)
DA:3,3
DA:49,3
DA:58,14
DA:66,1
DA:75,1
DA:89,1
DA:95,1
DA:109,3
DA:127,3
LF:9
LH:9
BRF:0
BRH:0
end_of_record
TN:
SF:/Users/akiokio/Projects/ReactSignupLoginComponent/src/components/ReactSignupLoginComponent.js
FN:11,(anonymous_0)
FN:27,(anonymous_1)
FN:31,(anonymous_2)
FN:39,(anonymous_3)
FN:46,(anonymous_4)
FN:52,(anonymous_5)
FN:78,(anonymous_6)
FNF:7
FNH:7
FNDA:19,(anonymous_0)
FNDA:10,(anonymous_1)
FNDA:2,(anonymous_2)
FNDA:2,(anonymous_3)
FNDA:2,(anonymous_4)
FNDA:32,(anonymous_5)
FNDA:32,(anonymous_6)
DA:12,19
DA:13,19
DA:14,19
DA:15,19
DA:16,19
DA:18,19
DA:28,10
DA:32,2
DA:40,2
DA:47,2
DA:53,32
DA:78,32
DA:79,32
DA:80,15
DA:90,17
DA:91,10
DA:102,7
DA:110,32
DA:121,1
DA:159,1
LF:20
LH:20
BRDA:75,0,0,17
BRDA:75,0,1,15
BRDA:75,1,0,32
BRDA:75,1,1,22
BRDA:79,2,0,15
BRDA:79,2,1,17
BRDA:79,3,0,32
BRDA:79,3,1,22
BRDA:90,4,0,10
BRDA:90,4,1,7
BRDA:90,5,0,17
BRDA:90,5,1,10
BRF:12
BRH:12
end_of_record
TN:
SF:/Users/akiokio/Projects/ReactSignupLoginComponent/src/components/RecoverPassword.js
FN:35,(anonymous_0)
FN:44,(anonymous_1)
FN:52,(anonymous_2)
FNF:3
FNH:3
FNDA:9,(anonymous_0)
FNDA:1,(anonymous_1)
FNDA:1,(anonymous_2)
DA:3,2
DA:35,2
DA:36,9
DA:44,1
DA:52,1
DA:66,2
DA:80,2
LF:7
LH:7
BRF:0
BRH:0
end_of_record
TN:
SF:/Users/akiokio/Projects/ReactSignupLoginComponent/src/components/Signup.js
FN:39,(anonymous_0)
FN:56,(anonymous_1)
FN:65,(anonymous_2)
FN:74,(anonymous_3)
FN:82,(anonymous_4)
FNF:5
FNH:5
FNDA:12,(anonymous_0)
FNDA:1,(anonymous_1)
FNDA:1,(anonymous_2)
FNDA:1,(anonymous_3)
FNDA:1,(anonymous_4)
DA:3,2
DA:39,2
DA:48,12
DA:56,1
DA:65,1
DA:74,1
DA:82,1
DA:95,2
DA:112,2
LF:9
LH:9
BRF:0
BRH:0
end_of_record
